app/build/intermediates/manifest_merge_blame_file/debug/manifest-merger-blame-debug-report.txt
1<?xml version="1.0" encoding="utf-8"?>
2<manifest xmlns:android="http://schemas.android.com/apk/res/android"
3    package="com.gimbernat.radarriders"
4    android:versionCode="1"
5    android:versionName="1.0" >
6
7    <uses-sdk
8        android:minSdkVersion="27"
8-->src\main\AndroidManifest.xml
9        android:targetSdkVersion="33" />
9-->src\main\AndroidManifest.xml
10
11    <uses-permission android:name="android.permission.ACCESS_COARSE_LOCATION" />
11-->src\main\AndroidManifest.xml:5:5-81
11-->src\main\AndroidManifest.xml:5:22-78
12
13    <!-- Include required permissions for Google Maps API to run. -->
14    <uses-permission android:name="android.permission.ACCESS_NETWORK_STATE" />
14-->[com.google.android.gms:play-services-maps:18.0.2] AndroidManifest.xml:23:5-79
14-->[com.google.android.gms:play-services-maps:18.0.2] AndroidManifest.xml:23:22-76
15    <uses-permission android:name="android.permission.INTERNET" />
15-->[com.google.android.gms:play-services-maps:18.0.2] AndroidManifest.xml:24:5-67
15-->[com.google.android.gms:play-services-maps:18.0.2] AndroidManifest.xml:24:22-64
16
17    <uses-feature
17-->[com.google.android.gms:play-services-maps:18.0.2] AndroidManifest.xml:26:5-28:35
18        android:glEsVersion="0x00020000"
18-->[com.google.android.gms:play-services-maps:18.0.2] AndroidManifest.xml:27:9-41
19        android:required="true" />
19-->[com.google.android.gms:play-services-maps:18.0.2] AndroidManifest.xml:28:9-32
20
21    <queries>
21-->[com.google.android.gms:play-services-maps:18.0.2] AndroidManifest.xml:30:5-34:15
22
23        <!-- Needs to be explicitly declared on Android R+ -->
24        <package android:name="com.google.android.apps.maps" />
24-->[com.google.android.gms:play-services-maps:18.0.2] AndroidManifest.xml:33:9-64
24-->[com.google.android.gms:play-services-maps:18.0.2] AndroidManifest.xml:33:18-61
25    </queries>
26
27    <uses-permission android:name="android.permission.WAKE_LOCK" />
27-->[com.google.android.gms:play-services-measurement-api:21.2.0] AndroidManifest.xml:24:5-68
27-->[com.google.android.gms:play-services-measurement-api:21.2.0] AndroidManifest.xml:24:22-65
28    <uses-permission android:name="com.google.android.gms.permission.AD_ID" />
28-->[com.google.android.gms:play-services-measurement-api:21.2.0] AndroidManifest.xml:25:5-79
28-->[com.google.android.gms:play-services-measurement-api:21.2.0] AndroidManifest.xml:25:22-76
29    <uses-permission android:name="com.google.android.finsky.permission.BIND_GET_INSTALL_REFERRER_SERVICE" />
29-->[com.google.android.gms:play-services-measurement:21.2.0] AndroidManifest.xml:26:5-110
29-->[com.google.android.gms:play-services-measurement:21.2.0] AndroidManifest.xml:26:22-107
30
31    <permission
31-->[androidx.core:core:1.9.0] AndroidManifest.xml:22:5-24:47
32        android:name="com.gimbernat.radarriders.DYNAMIC_RECEIVER_NOT_EXPORTED_PERMISSION"
32-->[androidx.core:core:1.9.0] AndroidManifest.xml:23:9-81
33        android:protectionLevel="signature" />
33-->[androidx.core:core:1.9.0] AndroidManifest.xml:24:9-44
34
35    <uses-permission android:name="com.gimbernat.radarriders.DYNAMIC_RECEIVER_NOT_EXPORTED_PERMISSION" /> <!-- Permission will be merged into the manifest of the hosting app. -->
35-->[androidx.core:core:1.9.0] AndroidManifest.xml:26:5-97
35-->[androidx.core:core:1.9.0] AndroidManifest.xml:26:22-94
36    <!-- Is required to launch foreground extraction service for targetSdkVersion 28+. -->
37    <uses-permission android:name="android.permission.FOREGROUND_SERVICE" />
37-->[com.google.android.play:core:1.10.3] AndroidManifest.xml:13:5-77
37-->[com.google.android.play:core:1.10.3] AndroidManifest.xml:13:22-74
38
39    <application
39-->src\main\AndroidManifest.xml:6:5-46:19
40        android:allowBackup="true"
40-->src\main\AndroidManifest.xml:7:9-35
41        android:appComponentFactory="androidx.core.app.CoreComponentFactory"
41-->[androidx.core:core:1.9.0] AndroidManifest.xml:28:18-86
42        android:dataExtractionRules="@xml/data_extraction_rules"
42-->src\main\AndroidManifest.xml:8:9-65
43        android:debuggable="true"
44        android:extractNativeLibs="false"
45        android:fullBackupContent="@xml/backup_rules"
45-->src\main\AndroidManifest.xml:9:9-54
46        android:icon="@mipmap/ic_launcher"
46-->src\main\AndroidManifest.xml:10:9-43
47        android:label="@string/app_name"
47-->src\main\AndroidManifest.xml:11:9-41
48        android:supportsRtl="true"
48-->src\main\AndroidManifest.xml:12:9-35
49        android:theme="@style/Theme.RadarRiders" >
49-->src\main\AndroidManifest.xml:13:9-49
50
51        <!--
52             TODO: Before you run your application, you need a Google Maps API key.
53
54             To get one, follow the directions here:
55
56                https://developers.google.com/maps/documentation/android-sdk/get-api-key
57
58             Once you have your API key (it starts with "AIza"), define a new property in your
59             project's local.properties file (e.g. MAPS_API_KEY=Aiza...), and replace the
60             "YOUR_API_KEY" string in this file with "${MAPS_API_KEY}".
61        -->
62        <meta-data
62-->src\main\AndroidManifest.xml:27:9-29:71
63            android:name="com.google.android.geo.API_KEY"
63-->src\main\AndroidManifest.xml:28:13-58
64            android:value="AIzaSyC29ZcykLe1fYM7RFXtlUW3TAQy8NVwMAg" />
64-->src\main\AndroidManifest.xml:29:13-68
65
66        <activity
66-->src\main\AndroidManifest.xml:31:9-34:59
67            android:name="com.gimbernat.radarriders.MapsActivity"
67-->src\main\AndroidManifest.xml:32:13-41
68            android:exported="false"
68-->src\main\AndroidManifest.xml:33:13-37
69            android:label="@string/title_activity_maps" />
69-->src\main\AndroidManifest.xml:34:13-56
70        <activity
70-->src\main\AndroidManifest.xml:35:9-45:20
71            android:name="com.gimbernat.radarriders.MainActivity"
71-->src\main\AndroidManifest.xml:36:13-41
72            android:exported="true"
72-->src\main\AndroidManifest.xml:37:13-36
73            android:label="@string/app_name"
73-->src\main\AndroidManifest.xml:38:13-45
74            android:theme="@style/Theme.RadarRiders" >
74-->src\main\AndroidManifest.xml:39:13-53
75            <intent-filter>
75-->src\main\AndroidManifest.xml:40:13-44:29
76                <action android:name="android.intent.action.MAIN" />
76-->src\main\AndroidManifest.xml:41:17-69
76-->src\main\AndroidManifest.xml:41:25-66
77
78                <category android:name="android.intent.category.LAUNCHER" />
78-->src\main\AndroidManifest.xml:43:17-77
78-->src\main\AndroidManifest.xml:43:27-74
79            </intent-filter>
80        </activity>
81
82        <service
82-->[com.google.firebase:firebase-firestore-ktx:24.4.4] AndroidManifest.xml:11:9-17:19
83            android:name="com.google.firebase.components.ComponentDiscoveryService"
83-->[com.google.firebase:firebase-firestore-ktx:24.4.4] AndroidManifest.xml:12:13-84
84            android:directBootAware="true"
84-->[com.google.firebase:firebase-common:20.3.1] AndroidManifest.xml:34:13-43
85            android:exported="false" >
85-->[com.google.firebase:firebase-firestore-ktx:24.4.4] AndroidManifest.xml:13:13-37
86            <meta-data
86-->[com.google.firebase:firebase-firestore-ktx:24.4.4] AndroidManifest.xml:14:13-16:85
87                android:name="com.google.firebase.components:com.google.firebase.firestore.ktx.FirebaseFirestoreKtxRegistrar"
87-->[com.google.firebase:firebase-firestore-ktx:24.4.4] AndroidManifest.xml:15:17-126
88                android:value="com.google.firebase.components.ComponentRegistrar" />
88-->[com.google.firebase:firebase-firestore-ktx:24.4.4] AndroidManifest.xml:16:17-82
89            <meta-data
89-->[com.google.firebase:firebase-database-ktx:20.1.0] AndroidManifest.xml:14:13-16:85
90                android:name="com.google.firebase.components:com.google.firebase.database.ktx.FirebaseDatabaseKtxRegistrar"
90-->[com.google.firebase:firebase-database-ktx:20.1.0] AndroidManifest.xml:15:17-124
91                android:value="com.google.firebase.components.ComponentRegistrar" />
91-->[com.google.firebase:firebase-database-ktx:20.1.0] AndroidManifest.xml:16:17-82
92            <meta-data
92-->[com.google.firebase:firebase-analytics-ktx:21.2.0] AndroidManifest.xml:11:13-13:85
93                android:name="com.google.firebase.components:com.google.firebase.analytics.ktx.FirebaseAnalyticsKtxRegistrar"
93-->[com.google.firebase:firebase-analytics-ktx:21.2.0] AndroidManifest.xml:12:17-126
94                android:value="com.google.firebase.components.ComponentRegistrar" />
94-->[com.google.firebase:firebase-analytics-ktx:21.2.0] AndroidManifest.xml:13:17-82
95            <meta-data
95-->[com.google.firebase:firebase-auth-ktx:21.1.0] AndroidManifest.xml:11:13-13:85
96                android:name="com.google.firebase.components:com.google.firebase.auth.ktx.FirebaseAuthKtxRegistrar"
96-->[com.google.firebase:firebase-auth-ktx:21.1.0] AndroidManifest.xml:12:17-116
97                android:value="com.google.firebase.components.ComponentRegistrar" />
97-->[com.google.firebase:firebase-auth-ktx:21.1.0] AndroidManifest.xml:13:17-82
98            <meta-data
98-->[com.google.firebase:firebase-common-ktx:20.3.1] AndroidManifest.xml:14:13-16:85
99                android:name="com.google.firebase.components:com.google.firebase.ktx.FirebaseCommonKtxRegistrar"
99-->[com.google.firebase:firebase-common-ktx:20.3.1] AndroidManifest.xml:15:17-113
100                android:value="com.google.firebase.components.ComponentRegistrar" />
100-->[com.google.firebase:firebase-common-ktx:20.3.1] AndroidManifest.xml:16:17-82
101            <meta-data
101-->[com.google.firebase:firebase-firestore:24.4.4] AndroidManifest.xml:19:13-21:85
102                android:name="com.google.firebase.components:com.google.firebase.firestore.FirestoreRegistrar"
102-->[com.google.firebase:firebase-firestore:24.4.4] AndroidManifest.xml:20:17-111
103                android:value="com.google.firebase.components.ComponentRegistrar" />
103-->[com.google.firebase:firebase-firestore:24.4.4] AndroidManifest.xml:21:17-82
104            <meta-data
104-->[com.google.firebase:firebase-auth:21.1.0] AndroidManifest.xml:67:13-69:85
105                android:name="com.google.firebase.components:com.google.firebase.auth.FirebaseAuthRegistrar"
105-->[com.google.firebase:firebase-auth:21.1.0] AndroidManifest.xml:68:17-109
106                android:value="com.google.firebase.components.ComponentRegistrar" />
106-->[com.google.firebase:firebase-auth:21.1.0] AndroidManifest.xml:69:17-82
107            <meta-data
107-->[com.google.firebase:firebase-database:20.1.0] AndroidManifest.xml:31:13-33:85
108                android:name="com.google.firebase.components:com.google.firebase.database.DatabaseRegistrar"
108-->[com.google.firebase:firebase-database:20.1.0] AndroidManifest.xml:32:17-109
109                android:value="com.google.firebase.components.ComponentRegistrar" />
109-->[com.google.firebase:firebase-database:20.1.0] AndroidManifest.xml:33:17-82
110            <meta-data
110-->[com.google.android.gms:play-services-measurement-api:21.2.0] AndroidManifest.xml:31:13-33:85
111                android:name="com.google.firebase.components:com.google.firebase.analytics.connector.internal.AnalyticsConnectorRegistrar"
111-->[com.google.android.gms:play-services-measurement-api:21.2.0] AndroidManifest.xml:32:17-139
112                android:value="com.google.firebase.components.ComponentRegistrar" />
112-->[com.google.android.gms:play-services-measurement-api:21.2.0] AndroidManifest.xml:33:17-82
113            <meta-data
113-->[com.google.firebase:firebase-installations:17.1.3] AndroidManifest.xml:17:13-19:85
114                android:name="com.google.firebase.components:com.google.firebase.installations.FirebaseInstallationsRegistrar"
114-->[com.google.firebase:firebase-installations:17.1.3] AndroidManifest.xml:18:17-127
115                android:value="com.google.firebase.components.ComponentRegistrar" />
115-->[com.google.firebase:firebase-installations:17.1.3] AndroidManifest.xml:19:17-82
116        </service>
117
118        <activity
118-->[androidx.compose.ui:ui-tooling:1.3.0] AndroidManifest.xml:23:9-25:39
119            android:name="androidx.compose.ui.tooling.PreviewActivity"
119-->[androidx.compose.ui:ui-tooling:1.3.0] AndroidManifest.xml:24:13-71
120            android:exported="true" />
120-->[androidx.compose.ui:ui-tooling:1.3.0] AndroidManifest.xml:25:13-36
121        <activity
121-->[androidx.compose.ui:ui-test-manifest:1.3.0] AndroidManifest.xml:23:9-25:39
122            android:name="androidx.activity.ComponentActivity"
122-->[androidx.compose.ui:ui-test-manifest:1.3.0] AndroidManifest.xml:24:13-63
123            android:exported="true" /> <!-- Needs to be explicitly declared on P+ -->
123-->[androidx.compose.ui:ui-test-manifest:1.3.0] AndroidManifest.xml:25:13-36
124        <uses-library
124-->[com.google.android.gms:play-services-maps:18.0.2] AndroidManifest.xml:39:9-41:40
125            android:name="org.apache.http.legacy"
125-->[com.google.android.gms:play-services-maps:18.0.2] AndroidManifest.xml:40:13-50
126            android:required="false" />
126-->[com.google.android.gms:play-services-maps:18.0.2] AndroidManifest.xml:41:13-37
127
128        <activity
128-->[com.google.firebase:firebase-auth:21.1.0] AndroidManifest.xml:27:9-44:20
129            android:name="com.google.firebase.auth.internal.GenericIdpActivity"
129-->[com.google.firebase:firebase-auth:21.1.0] AndroidManifest.xml:28:13-80
130            android:excludeFromRecents="true"
130-->[com.google.firebase:firebase-auth:21.1.0] AndroidManifest.xml:29:13-46
131            android:exported="true"
131-->[com.google.firebase:firebase-auth:21.1.0] AndroidManifest.xml:30:13-36
132            android:launchMode="singleTask"
132-->[com.google.firebase:firebase-auth:21.1.0] AndroidManifest.xml:31:13-44
133            android:theme="@android:style/Theme.Translucent.NoTitleBar" >
133-->[com.google.firebase:firebase-auth:21.1.0] AndroidManifest.xml:32:13-72
134            <intent-filter>
134-->[com.google.firebase:firebase-auth:21.1.0] AndroidManifest.xml:33:13-43:29
135                <action android:name="android.intent.action.VIEW" />
135-->[com.google.firebase:firebase-auth:21.1.0] AndroidManifest.xml:34:17-69
135-->[com.google.firebase:firebase-auth:21.1.0] AndroidManifest.xml:34:25-66
136
137                <category android:name="android.intent.category.DEFAULT" />
137-->[com.google.firebase:firebase-auth:21.1.0] AndroidManifest.xml:36:17-76
137-->[com.google.firebase:firebase-auth:21.1.0] AndroidManifest.xml:36:27-73
138                <category android:name="android.intent.category.BROWSABLE" />
138-->[com.google.firebase:firebase-auth:21.1.0] AndroidManifest.xml:37:17-78
138-->[com.google.firebase:firebase-auth:21.1.0] AndroidManifest.xml:37:27-75
139
140                <data
140-->[com.google.firebase:firebase-auth:21.1.0] AndroidManifest.xml:39:17-42:51
141                    android:host="firebase.auth"
141-->[com.google.firebase:firebase-auth:21.1.0] AndroidManifest.xml:40:21-49
142                    android:path="/"
142-->[com.google.firebase:firebase-auth:21.1.0] AndroidManifest.xml:41:21-37
143                    android:scheme="genericidp" />
143-->[com.google.firebase:firebase-auth:21.1.0] AndroidManifest.xml:42:21-48
144            </intent-filter>
145        </activity>
146        <activity
146-->[com.google.firebase:firebase-auth:21.1.0] AndroidManifest.xml:45:9-62:20
147            android:name="com.google.firebase.auth.internal.RecaptchaActivity"
147-->[com.google.firebase:firebase-auth:21.1.0] AndroidManifest.xml:46:13-79
148            android:excludeFromRecents="true"
148-->[com.google.firebase:firebase-auth:21.1.0] AndroidManifest.xml:47:13-46
149            android:exported="true"
149-->[com.google.firebase:firebase-auth:21.1.0] AndroidManifest.xml:48:13-36
150            android:launchMode="singleTask"
150-->[com.google.firebase:firebase-auth:21.1.0] AndroidManifest.xml:49:13-44
151            android:theme="@android:style/Theme.Translucent.NoTitleBar" >
151-->[com.google.firebase:firebase-auth:21.1.0] AndroidManifest.xml:50:13-72
152            <intent-filter>
152-->[com.google.firebase:firebase-auth:21.1.0] AndroidManifest.xml:51:13-61:29
153                <action android:name="android.intent.action.VIEW" />
153-->[com.google.firebase:firebase-auth:21.1.0] AndroidManifest.xml:34:17-69
153-->[com.google.firebase:firebase-auth:21.1.0] AndroidManifest.xml:34:25-66
154
155                <category android:name="android.intent.category.DEFAULT" />
155-->[com.google.firebase:firebase-auth:21.1.0] AndroidManifest.xml:36:17-76
155-->[com.google.firebase:firebase-auth:21.1.0] AndroidManifest.xml:36:27-73
156                <category android:name="android.intent.category.BROWSABLE" />
156-->[com.google.firebase:firebase-auth:21.1.0] AndroidManifest.xml:37:17-78
156-->[com.google.firebase:firebase-auth:21.1.0] AndroidManifest.xml:37:27-75
157
158                <data
158-->[com.google.firebase:firebase-auth:21.1.0] AndroidManifest.xml:39:17-42:51
159                    android:host="firebase.auth"
159-->[com.google.firebase:firebase-auth:21.1.0] AndroidManifest.xml:40:21-49
160                    android:path="/"
160-->[com.google.firebase:firebase-auth:21.1.0] AndroidManifest.xml:41:21-37
161                    android:scheme="recaptcha" />
161-->[com.google.firebase:firebase-auth:21.1.0] AndroidManifest.xml:42:21-48
162            </intent-filter>
163        </activity>
164
165        <provider
165-->[com.google.firebase:firebase-common:20.3.1] AndroidManifest.xml:25:9-30:39
166            android:name="com.google.firebase.provider.FirebaseInitProvider"
166-->[com.google.firebase:firebase-common:20.3.1] AndroidManifest.xml:26:13-77
167            android:authorities="com.gimbernat.radarriders.firebaseinitprovider"
167-->[com.google.firebase:firebase-common:20.3.1] AndroidManifest.xml:27:13-72
168            android:directBootAware="true"
168-->[com.google.firebase:firebase-common:20.3.1] AndroidManifest.xml:28:13-43
169            android:exported="false"
169-->[com.google.firebase:firebase-common:20.3.1] AndroidManifest.xml:29:13-37
170            android:initOrder="100" />
170-->[com.google.firebase:firebase-common:20.3.1] AndroidManifest.xml:30:13-36
171
172        <activity
172-->[com.google.android.gms:play-services-base:18.1.0] AndroidManifest.xml:20:9-22:45
173            android:name="com.google.android.gms.common.api.GoogleApiActivity"
173-->[com.google.android.gms:play-services-base:18.1.0] AndroidManifest.xml:20:19-85
174            android:exported="false"
174-->[com.google.android.gms:play-services-base:18.1.0] AndroidManifest.xml:22:19-43
175            android:theme="@android:style/Theme.Translucent.NoTitleBar" />
175-->[com.google.android.gms:play-services-base:18.1.0] AndroidManifest.xml:21:19-78
176
177        <receiver
177-->[com.google.android.gms:play-services-measurement:21.2.0] AndroidManifest.xml:29:9-33:20
178            android:name="com.google.android.gms.measurement.AppMeasurementReceiver"
178-->[com.google.android.gms:play-services-measurement:21.2.0] AndroidManifest.xml:30:13-85
179            android:enabled="true"
179-->[com.google.android.gms:play-services-measurement:21.2.0] AndroidManifest.xml:31:13-35
180            android:exported="false" >
180-->[com.google.android.gms:play-services-measurement:21.2.0] AndroidManifest.xml:32:13-37
181        </receiver>
182
183        <service
183-->[com.google.android.gms:play-services-measurement:21.2.0] AndroidManifest.xml:35:9-38:40
184            android:name="com.google.android.gms.measurement.AppMeasurementService"
184-->[com.google.android.gms:play-services-measurement:21.2.0] AndroidManifest.xml:36:13-84
185            android:enabled="true"
185-->[com.google.android.gms:play-services-measurement:21.2.0] AndroidManifest.xml:37:13-35
186            android:exported="false" />
186-->[com.google.android.gms:play-services-measurement:21.2.0] AndroidManifest.xml:38:13-37
187        <service
187-->[com.google.android.gms:play-services-measurement:21.2.0] AndroidManifest.xml:39:9-43:72
188            android:name="com.google.android.gms.measurement.AppMeasurementJobService"
188-->[com.google.android.gms:play-services-measurement:21.2.0] AndroidManifest.xml:40:13-87
189            android:enabled="true"
189-->[com.google.android.gms:play-services-measurement:21.2.0] AndroidManifest.xml:41:13-35
190            android:exported="false"
190-->[com.google.android.gms:play-services-measurement:21.2.0] AndroidManifest.xml:42:13-37
191            android:permission="android.permission.BIND_JOB_SERVICE" />
191-->[com.google.android.gms:play-services-measurement:21.2.0] AndroidManifest.xml:43:13-69
192
193        <meta-data
193-->[com.google.android.gms:play-services-basement:18.1.0] AndroidManifest.xml:21:9-23:69
194            android:name="com.google.android.gms.version"
194-->[com.google.android.gms:play-services-basement:18.1.0] AndroidManifest.xml:22:13-58
195            android:value="@integer/google_play_services_version" />
195-->[com.google.android.gms:play-services-basement:18.1.0] AndroidManifest.xml:23:13-66
196
197        <provider
197-->[androidx.emoji2:emoji2:1.3.0-beta01] AndroidManifest.xml:24:9-32:20
198            android:name="androidx.startup.InitializationProvider"
198-->[androidx.emoji2:emoji2:1.3.0-beta01] AndroidManifest.xml:25:13-67
199            android:authorities="com.gimbernat.radarriders.androidx-startup"
199-->[androidx.emoji2:emoji2:1.3.0-beta01] AndroidManifest.xml:26:13-68
200            android:exported="false" >
200-->[androidx.emoji2:emoji2:1.3.0-beta01] AndroidManifest.xml:27:13-37
201            <meta-data
201-->[androidx.emoji2:emoji2:1.3.0-beta01] AndroidManifest.xml:29:13-31:52
202                android:name="androidx.emoji2.text.EmojiCompatInitializer"
202-->[androidx.emoji2:emoji2:1.3.0-beta01] AndroidManifest.xml:30:17-75
203                android:value="androidx.startup" />
203-->[androidx.emoji2:emoji2:1.3.0-beta01] AndroidManifest.xml:31:17-49
204            <meta-data
204-->[androidx.lifecycle:lifecycle-process:2.4.1] AndroidManifest.xml:31:13-33:52
205                android:name="androidx.lifecycle.ProcessLifecycleInitializer"
205-->[androidx.lifecycle:lifecycle-process:2.4.1] AndroidManifest.xml:32:17-78
206                android:value="androidx.startup" />
206-->[androidx.lifecycle:lifecycle-process:2.4.1] AndroidManifest.xml:33:17-49
207            <meta-data
207-->[androidx.profileinstaller:profileinstaller:1.2.1] AndroidManifest.xml:30:13-32:52
208                android:name="androidx.profileinstaller.ProfileInstallerInitializer"
208-->[androidx.profileinstaller:profileinstaller:1.2.1] AndroidManifest.xml:31:17-85
209                android:value="androidx.startup" />
209-->[androidx.profileinstaller:profileinstaller:1.2.1] AndroidManifest.xml:32:17-49
210        </provider>
211
212        <uses-library
212-->[androidx.window:window:1.0.0] AndroidManifest.xml:25:9-27:40
213            android:name="androidx.window.extensions"
213-->[androidx.window:window:1.0.0] AndroidManifest.xml:26:13-54
214            android:required="false" />
214-->[androidx.window:window:1.0.0] AndroidManifest.xml:27:13-37
215        <uses-library
215-->[androidx.window:window:1.0.0] AndroidManifest.xml:28:9-30:40
216            android:name="androidx.window.sidecar"
216-->[androidx.window:window:1.0.0] AndroidManifest.xml:29:13-51
217            android:required="false" />
217-->[androidx.window:window:1.0.0] AndroidManifest.xml:30:13-37
218
219        <receiver
219-->[androidx.profileinstaller:profileinstaller:1.2.1] AndroidManifest.xml:35:9-47:20
220            android:name="androidx.profileinstaller.ProfileInstallReceiver"
220-->[androidx.profileinstaller:profileinstaller:1.2.1] AndroidManifest.xml:36:13-76
221            android:directBootAware="false"
221-->[androidx.profileinstaller:profileinstaller:1.2.1] AndroidManifest.xml:37:13-44
222            android:enabled="true"
222-->[androidx.profileinstaller:profileinstaller:1.2.1] AndroidManifest.xml:38:13-35
223            android:exported="true"
223-->[androidx.profileinstaller:profileinstaller:1.2.1] AndroidManifest.xml:39:13-36
224            android:permission="android.permission.DUMP" >
224-->[androidx.profileinstaller:profileinstaller:1.2.1] AndroidManifest.xml:40:13-57
225            <intent-filter>
225-->[androidx.profileinstaller:profileinstaller:1.2.1] AndroidManifest.xml:41:13-43:29
226                <action android:name="androidx.profileinstaller.action.INSTALL_PROFILE" />
226-->[androidx.profileinstaller:profileinstaller:1.2.1] AndroidManifest.xml:42:17-91
226-->[androidx.profileinstaller:profileinstaller:1.2.1] AndroidManifest.xml:42:25-88
227            </intent-filter>
228            <intent-filter>
228-->[androidx.profileinstaller:profileinstaller:1.2.1] AndroidManifest.xml:44:13-46:29
229                <action android:name="androidx.profileinstaller.action.SKIP_FILE" />
229-->[androidx.profileinstaller:profileinstaller:1.2.1] AndroidManifest.xml:45:17-85
229-->[androidx.profileinstaller:profileinstaller:1.2.1] AndroidManifest.xml:45:25-82
230            </intent-filter>
231        </receiver> <!-- The activities will be merged into the manifest of the hosting app. -->
232        <activity
232-->[com.google.android.play:core:1.10.3] AndroidManifest.xml:18:9-24:45
233            android:name="com.google.android.play.core.missingsplits.PlayCoreMissingSplitsActivity"
233-->[com.google.android.play:core:1.10.3] AndroidManifest.xml:19:13-100
234            android:enabled="false"
234-->[com.google.android.play:core:1.10.3] AndroidManifest.xml:20:13-36
235            android:exported="false"
235-->[com.google.android.play:core:1.10.3] AndroidManifest.xml:21:13-37
236            android:launchMode="singleInstance"
236-->[com.google.android.play:core:1.10.3] AndroidManifest.xml:22:13-48
237            android:process=":playcore_missing_splits_activity"
237-->[com.google.android.play:core:1.10.3] AndroidManifest.xml:23:13-64
238            android:stateNotNeeded="true" />
238-->[com.google.android.play:core:1.10.3] AndroidManifest.xml:24:13-42
239        <activity
239-->[com.google.android.play:core:1.10.3] AndroidManifest.xml:25:9-29:65
240            android:name="com.google.android.play.core.common.PlayCoreDialogWrapperActivity"
240-->[com.google.android.play:core:1.10.3] AndroidManifest.xml:26:13-93
241            android:exported="false"
241-->[com.google.android.play:core:1.10.3] AndroidManifest.xml:27:13-37
242            android:stateNotNeeded="true"
242-->[com.google.android.play:core:1.10.3] AndroidManifest.xml:28:13-42
243            android:theme="@style/Theme.PlayCore.Transparent" /> <!-- The services will be merged into the manifest of the hosting app. -->
243-->[com.google.android.play:core:1.10.3] AndroidManifest.xml:29:13-62
244        <service
244-->[com.google.android.play:core:1.10.3] AndroidManifest.xml:32:9-39:19
245            android:name="com.google.android.play.core.assetpacks.AssetPackExtractionService"
245-->[com.google.android.play:core:1.10.3] AndroidManifest.xml:33:13-94
246            android:enabled="false"
246-->[com.google.android.play:core:1.10.3] AndroidManifest.xml:34:13-36
247            android:exported="true" >
247-->[com.google.android.play:core:1.10.3] AndroidManifest.xml:35:13-36
248            <meta-data
248-->[com.google.android.play:core:1.10.3] AndroidManifest.xml:36:13-38:41
249                android:name="com.google.android.play.core.assetpacks.versionCode"
249-->[com.google.android.play:core:1.10.3] AndroidManifest.xml:37:17-83
250                android:value="11003" />
250-->[com.google.android.play:core:1.10.3] AndroidManifest.xml:38:17-38
251        </service>
252        <service
252-->[com.google.android.play:core:1.10.3] AndroidManifest.xml:40:9-43:40
253            android:name="com.google.android.play.core.assetpacks.ExtractionForegroundService"
253-->[com.google.android.play:core:1.10.3] AndroidManifest.xml:41:13-95
254            android:enabled="false"
254-->[com.google.android.play:core:1.10.3] AndroidManifest.xml:42:13-36
255            android:exported="false" />
255-->[com.google.android.play:core:1.10.3] AndroidManifest.xml:43:13-37
256    </application>
257
258</manifest>